phxFontEditor.lpi Note: К параметрам пользователя добавлены определения -dBorland -dVer150 -dDelphi7 -dCompiler6_Up -dPUREPASCAL
 Progress: Найдены все файлы модулей
phxFontEditor.dpr(1,23) Note: После имени модуля добавлена директива MODE Delphi.
 : 
 : *** Преобразование файлов модулей, принадлежащих проекту/пакету ***
uMain.pas Note: Модуль "Windows" в выражении Uses заменён на "LCLIntf, LCLType, LMessages".
uMain.pas(1,12) Note: После имени модуля добавлена директива MODE Delphi.
uActions.pas Note: Модуль "Windows" в выражении Uses заменён на "LCLIntf, LCLType, LMessages".
phxFontEditor.lpi Note: Пакет MediaComponents добавлен в качестве зависимости.
uActions.pas(1,15) Note: После имени модуля добавлена директива MODE Delphi.
uCharacter.List.pas Note: Модуль "Windows" в выражении Uses заменён на "LCLIntf, LCLType, LMessages".
uCharacter.List.pas(1,22) Note: После имени модуля добавлена директива MODE Delphi.
uCharacter.Detail.pas Note: Модуль "Mask" в выражении Uses заменён на "MaskEdit".
uCharacter.Detail.pas Note: Модуль "Windows" в выражении Uses заменён на "LCLIntf, LCLType, LMessages".
uCharacter.Detail.pas(1,24) Note: После имени модуля добавлена директива MODE Delphi.
uFont.Properties.pas Note: Модуль "Mask" в выражении Uses заменён на "MaskEdit".
uFont.Properties.pas Note: Модуль "Windows" в выражении Uses заменён на "LCLIntf, LCLType, LMessages".
uFont.Properties.pas(1,23) Note: После имени модуля добавлена директива MODE Delphi.
uGenerator.Dialog.pas Note: Кодировка изменена с ISO-8859-1 на UTF-8
uGenerator.Dialog.pas Note: Модуль "Mask" в выражении Uses заменён на "MaskEdit".
uGenerator.Dialog.pas Note: Модуль "Windows" в выражении Uses заменён на "LCLIntf, LCLType, LMessages".
uGenerator.Dialog.pas(1,24) Note: После имени модуля добавлена директива MODE Delphi.
uGenerator.Characters.pas Note: Модуль "Windows" в выражении Uses заменён на "LCLIntf, LCLType, LMessages".
uGenerator.Characters.pas(1,28) Note: После имени модуля добавлена директива MODE Delphi.
uFont.Kernings.pas Note: Модуль "Windows" в выражении Uses заменён на "LCLIntf, LCLType, LMessages".
uFont.Kernings.pas(1,21) Note: После имени модуля добавлена директива MODE Delphi.
uFont.Preview.pas Note: Модуль "Windows" в выражении Uses заменён на "LCLIntf, LCLType, LMessages".
uFont.Preview.pas(1,20) Note: После имени модуля добавлена директива MODE Delphi.
uFont.Texture.pas Note: Модуль "Windows" в выражении Uses заменён на "LCLIntf, LCLType, LMessages".
uFont.Texture.pas(1,20) Note: После имени модуля добавлена директива MODE Delphi.
Partitions.pas(1,17) Note: После имени модуля добавлена директива MODE Delphi.
GaussianBlur.pas(1,19) Note: После имени модуля добавлена директива MODE Delphi.
uFont.New.pas(1,16) Note: После имени модуля добавлена директива MODE Delphi.
uGenerator.pas Note: Модуль "Windows" в выражении Uses заменён на "LCLIntf, LCLType, LMessages".
uGenerator.pas(1,17) Note: После имени модуля добавлена директива MODE Delphi.
uGenerator.Debug.pas(1,23) Note: После имени модуля добавлена директива MODE Delphi.
uCharacter.Search.pas(1,24) Note: После имени модуля добавлена директива MODE Delphi.
uFont.WrapChars.pas(1,22) Note: После имени модуля добавлена директива MODE Delphi.
 : 
 : *** Преобразование вновь обнаруженных файлов модулей ***
phxFontEx.pas(1,16) Note: После имени модуля добавлена директива MODE Delphi.
phxGraphicsEx.pas Note: Модуль "Windows" в выражении Uses заменён на "LCLIntf, LCLType, LMessages".
phxGraphicsEx.pas(1,20) Note: После имени модуля добавлена директива MODE Delphi.
phxDevice.pas Note: Кодировка изменена с utf8bom на UTF-8
phxDevice.pas Note: Исправление включаемых файлов: ../../Source/phxConfig.inc
phxFont.pas Note: Исправление включаемых файлов: ../../Source/phxConfig.inc
phxGraphics_FreeImage.pas Note: Исправление включаемых файлов: ../../Source/phxConfig.inc
phxGraphics.pas Note: Исправление включаемых файлов: ../../Source/phxConfig.inc
phxTexture.pas Note: Исправление включаемых файлов: ../../Source/phxConfig.inc
 Progress: Преобразование заняло: 00:02:46
 Fatal: Преобразование прервано.
